<?xml version="1.0" encoding="windows-1252" standalone="no"?>
<!DOCTYPE log SYSTEM "logger.dtd">
<log>
<record>
  <date>2012-11-01T18:56:10</date>
  <millis>1351767370804</millis>
  <sequence>0</sequence>
  <logger>CommandParser</logger>
  <level>INFO</level>
  <class>commandLogic.CommandProcessor</class>
  <method>&lt;init&gt;</method>
  <thread>13</thread>
  <message>Just started</message>
</record>
<?xml version="1.0" encoding="windows-1252" standalone="no"?>
<!DOCTYPE log SYSTEM "logger.dtd">
<log>
<record>
  <date>2012-11-01T20:56:45</date>
  <millis>1351774605216</millis>
  <sequence>0</sequence>
  <logger>JIMI</logger>
  <level>INFO</level>
  <class>commandLogic.CommandProcessor</class>
  <method>processCommand</method>
  <thread>13</thread>
  <message>The command: "add iohrufirehfeuhfuehrfuihefuihejfnknbciuduhiweoiweoijcoiwejcioewjcoiwecwececwe" was issued.</message>
</record>
<record>
  <date>2012-11-01T20:56:45</date>
  <millis>1351774605517</millis>
  <sequence>1</sequence>
  <logger>JIMI</logger>
  <level>INFO</level>
  <class>commandLogic.CommandProcessor</class>
  <method>processCommand</method>
  <thread>13</thread>
  <message>Processing add.</message>
</record>
</log>
<?xml version="1.0" encoding="windows-1252" standalone="no"?>
<!DOCTYPE log SYSTEM "logger.dtd">
<log>
</log>
<?xml version="1.0" encoding="windows-1252" standalone="no"?>
<!DOCTYPE log SYSTEM "logger.dtd">
<log>
</log>
<?xml version="1.0" encoding="windows-1252" standalone="no"?>
<!DOCTYPE log SYSTEM "logger.dtd">
<log>
</log>
<?xml version="1.0" encoding="windows-1252" standalone="no"?>
<!DOCTYPE log SYSTEM "logger.dtd">
<log>
</log>
<?xml version="1.0" encoding="windows-1252" standalone="no"?>
<!DOCTYPE log SYSTEM "logger.dtd">
<log>
</log>
<?xml version="1.0" encoding="windows-1252" standalone="no"?>
<!DOCTYPE log SYSTEM "logger.dtd">
<log>
</log>
<?xml version="1.0" encoding="windows-1252" standalone="no"?>
<!DOCTYPE log SYSTEM "logger.dtd">
<log>
</log>
<?xml version="1.0" encoding="windows-1252" standalone="no"?>
<!DOCTYPE log SYSTEM "logger.dtd">
<log>
</log>
<?xml version="1.0" encoding="windows-1252" standalone="no"?>
<!DOCTYPE log SYSTEM "logger.dtd">
<log>
</log>
<?xml version="1.0" encoding="windows-1252" standalone="no"?>
<!DOCTYPE log SYSTEM "logger.dtd">
<log>
</log>
<?xml version="1.0" encoding="windows-1252" standalone="no"?>
<!DOCTYPE log SYSTEM "logger.dtd">
<log>
</log>
<?xml version="1.0" encoding="windows-1252" standalone="no"?>
<!DOCTYPE log SYSTEM "logger.dtd">
<log>
</log>
<?xml version="1.0" encoding="windows-1252" standalone="no"?>
<!DOCTYPE log SYSTEM "logger.dtd">
<log>
</log>
